<?xml version="1.0" encoding="utf-8"?><testsuites name="pytest tests"><testsuite name="pytest" errors="0" failures="0" skipped="0" tests="4" time="26.507" timestamp="2026-05-23T13:57:03.921639-05:00" hostname="sugar-pc"><testcase classname="tests.model.test_model.TestModel" name="test_model_fit" time="10.604" /><testcase classname="tests.model.test_model.TestModel" name="test_model_predict" time="7.505" /><testcase classname="tests.model.test_model.TestModel" name="test_model_preprocess_for_serving" time="0.070" /><testcase classname="tests.model.test_model.TestModel" name="test_model_preprocess_for_training" time="7.378" /></testsuite></testsuites>